\BOOKMARK [0][-]{chapter*.1}{Povzetek}{}% 1
\BOOKMARK [0][-]{chapter*.2}{Abstract}{}% 2
\BOOKMARK [0][-]{chapter.1}{Uvod}{}% 3
\BOOKMARK [1][-]{section.1.1}{Osnovne Definicije}{chapter.1}% 4
\BOOKMARK [1][-]{section.1.2}{Primeri kategorij}{chapter.1}% 5
\BOOKMARK [1][-]{section.1.3}{Razlicni tipi morfizmov}{chapter.1}% 6
\BOOKMARK [1][-]{section.1.4}{Konstrukcije novih kategorij}{chapter.1}% 7
\BOOKMARK [1][-]{section.1.5}{Funktorji}{chapter.1}% 8
\BOOKMARK [1][-]{section.1.6}{Zacetni in koncni objekti}{chapter.1}% 9
\BOOKMARK [1][-]{section.1.7}{Posplo\235eni elementi}{chapter.1}% 10
\BOOKMARK [1][-]{section.1.8}{Produkti}{chapter.1}% 11
\BOOKMARK [1][-]{section.1.9}{Dualnost}{chapter.1}% 12
\BOOKMARK [1][-]{section.1.10}{Hom-sets}{chapter.1}% 13
\BOOKMARK [1][-]{section.1.11}{Zo\236ki in kozo\236ki}{chapter.1}% 14
\BOOKMARK [1][-]{section.1.12}{Povleki in potiski}{chapter.1}% 15
\BOOKMARK [1][-]{section.1.13}{Limite, kolimite in eksponenti}{chapter.1}% 16
\BOOKMARK [1][-]{section.1.14}{Funktorji in naravne transformacije}{chapter.1}% 17
\BOOKMARK [0][-]{chapter.2}{Pomembne trditve in definicije}{}% 18
\BOOKMARK [0][-]{chapter.3}{Yonedova lema}{}% 19
\BOOKMARK [1][-]{section.3.1}{Yonedova vlo\236itev}{chapter.3}% 20
\BOOKMARK [1][-]{section.3.2}{Yonedova lema}{chapter.3}% 21
\BOOKMARK [1][-]{section.3.3}{Posledice Yonedove leme}{chapter.3}% 22
